<?xml version="1.0" encoding="UTF-8" ?>
<testsuite tests="1" failures="1" name="TestCase.TestExecuteJs" time="10.109" errors="0" skipped="0">
  <properties>
[...]
</properties>
  <testcase classname="TestCase.TestExecuteJs" name="testJs" time="10.109">
    <failure message="timeout: Timed out receiving message from renderer: 3.760
  (Session info: chrome=96.0.4664.45)
Build info: version: &apos;4.0.0&apos;, revision: &apos;3a21814679&apos;
System info: host: &apos;DESKTOP-2V5F49O&apos;, ip: &apos;192.168.40.105&apos;, os.name: &apos;Windows 10&apos;, os.arch: &apos;amd64&apos;, os.version: &apos;10.0&apos;, java.version: &apos;15.0.2&apos;
Driver info: org.openqa.selenium.chrome.ChromeDriver
Command: [f0aeda0fe7a4cc678de0d6cd592fbf02, get {url=https://phptravels.net/en/usd/flights/bom/dxb/oneway/economy/21-11-2021/1/0/0}]
Capabilities {acceptInsecureCerts: false, browserName: chrome, browserVersion: 96.0.4664.45, chrome: {chromedriverVersion: 95.0.4638.69 (6a1600ed572fe..., userDataDir: C:\Users\anhlt\AppData\Loca...}, goog:chromeOptions: {debuggerAddress: localhost:54796}, javascriptEnabled: true, networkConnectionEnabled: false, pageLoadStrategy: normal, platform: WINDOWS, platformName: WINDOWS, proxy: Proxy(), se:cdp: ws://localhost:54796/devtoo..., se:cdpVersion: 96.0.4664.45, setWindowRect: true, strictFileInteractability: false, timeouts: {implicit: 0, pageLoad: 300000, script: 30000}, unhandledPromptBehavior: dismiss and notify, webauthn:extension:credBlob: true, webauthn:extension:largeBlob: true, webauthn:virtualAuthenticators: true}
Session ID: f0aeda0fe7a4cc678de0d6cd592fbf02" type="org.openqa.selenium.TimeoutException">org.openqa.selenium.TimeoutException: timeout: Timed out receiving message from renderer: 3.760
  (Session info: chrome=96.0.4664.45)
Build info: version: &apos;4.0.0&apos;, revision: &apos;3a21814679&apos;
System info: host: &apos;DESKTOP-2V5F49O&apos;, ip: &apos;192.168.40.105&apos;, os.name: &apos;Windows 10&apos;, os.arch: &apos;amd64&apos;, os.version: &apos;10.0&apos;, java.version: &apos;15.0.2&apos;
Driver info: org.openqa.selenium.chrome.ChromeDriver
Command: [f0aeda0fe7a4cc678de0d6cd592fbf02, get {url=https://phptravels.net/en/usd/flights/bom/dxb/oneway/economy/21-11-2021/1/0/0}]
Capabilities {acceptInsecureCerts: false, browserName: chrome, browserVersion: 96.0.4664.45, chrome: {chromedriverVersion: 95.0.4638.69 (6a1600ed572fe..., userDataDir: C:\Users\anhlt\AppData\Loca...}, goog:chromeOptions: {debuggerAddress: localhost:54796}, javascriptEnabled: true, networkConnectionEnabled: false, pageLoadStrategy: normal, platform: WINDOWS, platformName: WINDOWS, proxy: Proxy(), se:cdp: ws://localhost:54796/devtoo..., se:cdpVersion: 96.0.4664.45, setWindowRect: true, strictFileInteractability: false, timeouts: {implicit: 0, pageLoad: 300000, script: 30000}, unhandledPromptBehavior: dismiss and notify, webauthn:extension:credBlob: true, webauthn:extension:largeBlob: true, webauthn:virtualAuthenticators: true}
Session ID: f0aeda0fe7a4cc678de0d6cd592fbf02
	at java.base/jdk.internal.reflect.NativeConstructorAccessorImpl.newInstance0(Native Method)
	at java.base/jdk.internal.reflect.NativeConstructorAccessorImpl.newInstance(NativeConstructorAccessorImpl.java:64)
	at java.base/jdk.internal.reflect.DelegatingConstructorAccessorImpl.newInstance(DelegatingConstructorAccessorImpl.java:45)
	at java.base/java.lang.reflect.Constructor.newInstanceWithCaller(Constructor.java:500)
	at java.base/java.lang.reflect.Constructor.newInstance(Constructor.java:481)
	at org.openqa.selenium.remote.codec.w3c.W3CHttpResponseCodec.createException(W3CHttpResponseCodec.java:200)
	at org.openqa.selenium.remote.codec.w3c.W3CHttpResponseCodec.decode(W3CHttpResponseCodec.java:133)
	at org.openqa.selenium.remote.codec.w3c.W3CHttpResponseCodec.decode(W3CHttpResponseCodec.java:53)
	at org.openqa.selenium.remote.HttpCommandExecutor.execute(HttpCommandExecutor.java:184)
	at org.openqa.selenium.remote.service.DriverCommandExecutor.invokeExecute(DriverCommandExecutor.java:164)
	at org.openqa.selenium.remote.service.DriverCommandExecutor.execute(DriverCommandExecutor.java:139)
	at org.openqa.selenium.remote.RemoteWebDriver.execute(RemoteWebDriver.java:559)
	at org.openqa.selenium.remote.RemoteWebDriver.get(RemoteWebDriver.java:328)
	at TestCase.TestExecuteJs.testJs(TestExecuteJs.java:15)
</failure>
    <system-out>Configuring TestNG with: org.apache.maven.surefire.testng.conf.TestNG652Configurator@7225790e
</system-out>
    <system-err>SLF4J: Failed to load class &quot;org.slf4j.impl.StaticLoggerBinder&quot;.
SLF4J: Defaulting to no-operation (NOP) logger implementation
SLF4J: See http://www.slf4j.org/codes.html#StaticLoggerBinder for further details.
Starting ChromeDriver 95.0.4638.69 (6a1600ed572fedecd573b6c2b90a22fe6392a410-refs/branch-heads/4638@{#984}) on port 60952
Only local connections are allowed.
Please see https://chromedriver.chromium.org/security-considerations for suggestions on keeping ChromeDriver safe.
ChromeDriver was started successfully.
[1637164070.121][WARNING]: This version of ChromeDriver has not been tested with Chrome version 96.
Nov 17, 2021 10:47:50 PM org.openqa.selenium.remote.ProtocolHandshake createSession
INFO: Detected dialect: W3C
Nov 17, 2021 10:47:50 PM org.openqa.selenium.devtools.CdpVersionFinder findNearestMatch
WARNING: Unable to find an exact match for CDP version 96, so returning the closest version found: 95
Nov 17, 2021 10:47:50 PM org.openqa.selenium.devtools.CdpVersionFinder findNearestMatch
INFO: Found CDP implementation for version 96 of 95
[1637164080.873][SEVERE]: Timed out receiving message from renderer: 3.760
[1637164080.878][SEVERE]: Timed out receiving message from renderer: 3.760
</system-err>
  </testcase>
</testsuite>